This file contains any messages produced by compilers while
running configure, to aid debugging if configure makes a mistake.

It was created by bash configure 5.2-release, which was
generated by GNU Autoconf 2.71.  Invocation command line was

  $ ./configure clean

## --------- ##
## Platform. ##
## --------- ##

hostname = localhost
uname -m = aarch64
uname -r = 4.14.186+
uname -s = Linux
uname -v = #1 SMP PREEMPT Thu Nov 17 15:43:57 CST 2022

/usr/bin/uname -p = unknown
/bin/uname -X     = unknown

/bin/arch              = unknown
/usr/bin/arch -k       = unknown
/usr/convex/getsysinfo = unknown
/usr/bin/hostinfo      = unknown
/bin/machine           = unknown
/usr/bin/oslevel       = unknown
/bin/universe          = unknown

PATH: /data/data/com.termux/files/usr/bin/


## ----------- ##
## Core tests. ##
## ----------- ##

configure:3017: looking for aux files: config.rpath install-sh config.guess config.sub
configure:3030:  trying ././support/
configure:3059:   ././support/config.rpath found
configure:3044:   ././support/install.sh found
configure:3059:   ././support/config.guess found
configure:3059:   ././support/config.sub found
configure:3193: checking build system type
configure:3205: error: /data/data/com.termux/files/usr/bin/sh ././support/config.sub clean failed

## ---------------- ##
## Cache variables. ##
## ---------------- ##

ac_cv_build=''
ac_cv_env_CC_FOR_BUILD_set=''
ac_cv_env_CC_FOR_BUILD_value=''
ac_cv_env_CC_set=''
ac_cv_env_CC_value=''
ac_cv_env_CFLAGS_FOR_BUILD_set=''
ac_cv_env_CFLAGS_FOR_BUILD_value=''
ac_cv_env_CFLAGS_set=''
ac_cv_env_CFLAGS_value=''
ac_cv_env_CPPFLAGS_FOR_BUILD_set=''
ac_cv_env_CPPFLAGS_FOR_BUILD_value=''
ac_cv_env_CPPFLAGS_set=''
ac_cv_env_CPPFLAGS_value=''
ac_cv_env_CPP_set=''
ac_cv_env_CPP_value=''
ac_cv_env_DEBUGGER_START_FILE_set=''
ac_cv_env_DEBUGGER_START_FILE_value=''
ac_cv_env_LDFLAGS_FOR_BUILD_set=''
ac_cv_env_LDFLAGS_FOR_BUILD_value=''
ac_cv_env_LDFLAGS_set=''
ac_cv_env_LDFLAGS_value=''
ac_cv_env_LIBS_set=''
ac_cv_env_LIBS_value=''
ac_cv_env_YACC_set=''
ac_cv_env_YACC_value=''
ac_cv_env_YFLAGS_set=''
ac_cv_env_YFLAGS_value=''
ac_cv_env_build_alias_set='set'
ac_cv_env_build_alias_value='clean'
ac_cv_env_host_alias_set='set'
ac_cv_env_host_alias_value='clean'
ac_cv_env_target_alias_set='set'
ac_cv_env_target_alias_value='clean'

## ----------------- ##
## Output variables. ##
## ----------------- ##

ALLOCA=''
AR=''
ARFLAGS=''
ARRAY_O=''
BASE_CFLAGS_FOR_BUILD=''
BASHVERS='5.2'
BUILD_DIR=''
BUILD_INCLUDED_LIBINTL=''
CATOBJEXT=''
CC=''
CC_FOR_BUILD=''
CFLAGS=''
CFLAGS_FOR_BUILD=''
CFLAG_VISIBILITY=''
CPP=''
CPPFLAGS=''
CPPFLAGS_FOR_BUILD=''
CROSS_COMPILE=''
DATADIRNAME=''
DEBUG=''
DEBUGGER_START_FILE=''
DEFS=''
ECHO_C=''
ECHO_N='-n'
ECHO_T=''
EGREP=''
EXEEXT=''
GENCAT=''
GETTEXT_MACRO_VERSION=''
GLIBC21=''
GLIBC2=''
GMSGFMT=''
GMSGFMT_015=''
GNULIB_OVERRIDES_WINT_T=''
GREP=''
HAVE_ASPRINTF=''
HAVE_NAMELESS_LOCALES=''
HAVE_NEWLOCALE=''
HAVE_POSIX_PRINTF=''
HAVE_SNPRINTF=''
HAVE_VISIBILITY=''
HAVE_WPRINTF=''
HELPDIR=''
HELPDIRDEFINE=''
HELPFILES_TARGET=''
HELPINSTALL=''
HELPSTRINGS=''
HISTORY_DEP=''
HISTORY_LIB=''
HIST_LIBDIR=''
INSTALL_DATA=''
INSTALL_PROGRAM=''
INSTALL_SCRIPT=''
INSTOBJEXT=''
INTLBISON=''
INTLLIBS=''
INTLOBJS=''
INTL_DEFAULT_VERBOSITY=''
INTL_DEP=''
INTL_INC=''
INTL_LIBTOOL_SUFFIX_PREFIX=''
INTL_MACOSX_LIBS=''
JOBS_O=''
LDFLAGS=''
LDFLAGS_FOR_BUILD=''
LIBICONV=''
LIBINTL=''
LIBINTL_H=''
LIBMULTITHREAD=''
LIBOBJS=''
LIBPTH=''
LIBPTH_PREFIX=''
LIBS=''
LIBS_FOR_BUILD=''
LIBTHREAD=''
LOCAL_CFLAGS=''
LOCAL_DEFS=''
LOCAL_LDFLAGS=''
LOCAL_LIBS=''
LTLIBICONV=''
LTLIBINTL=''
LTLIBMULTITHREAD=''
LTLIBOBJS=''
LTLIBPTH=''
LTLIBTHREAD=''
MAKE_SHELL=''
MALLOC_DEBUG=''
MALLOC_DEP=''
MALLOC_LDFLAGS=''
MALLOC_LIB=''
MALLOC_LIBRARY=''
MALLOC_SRC=''
MALLOC_TARGET=''
MKDIR_P=''
MSGFMT=''
MSGFMT_015=''
MSGMERGE=''
OBJEXT=''
PACKAGE_BUGREPORT='bug-bash@gnu.org'
PACKAGE_NAME='bash'
PACKAGE_STRING='bash 5.2-release'
PACKAGE_TARNAME='bash'
PACKAGE_URL=''
PACKAGE_VERSION='5.2-release'
PATH_SEPARATOR=':'
POSUB=''
PRI_MACROS_BROKEN=''
PROFILE_FLAGS=''
PTHREAD_H_DEFINES_STRUCT_TIMESPEC=''
RANLIB=''
READLINE_DEP=''
READLINE_LIB=''
RELSTATUS='release'
RL_INCLUDE=''
RL_INCLUDEDIR=''
RL_LIBDIR=''
RL_MAJOR=''
RL_MINOR=''
RL_VERSION=''
SED=''
SET_MAKE=''
SHELL='/data/data/com.termux/files/usr/bin/sh'
SHOBJ_CC=''
SHOBJ_CFLAGS=''
SHOBJ_LD=''
SHOBJ_LDFLAGS=''
SHOBJ_LIBS=''
SHOBJ_STATUS=''
SHOBJ_XLDFLAGS=''
SIGLIST_O=''
SIGNAMES_H=''
SIGNAMES_O=''
SIZE=''
STATIC_LD=''
STYLE_CFLAGS=''
SYS_TIME_H_DEFINES_STRUCT_TIMESPEC=''
TERMCAP_DEP=''
TERMCAP_LIB=''
TESTSCRIPT=''
TILDE_LIB=''
TIME_H_DEFINES_STRUCT_TIMESPEC=''
USE_INCLUDED_LIBINTL=''
USE_NLS=''
WINDRES=''
WOE32=''
WOE32DLL=''
XGETTEXT=''
XGETTEXT_015=''
XGETTEXT_EXTRA_OPTIONS=''
YACC=''
YFLAGS=''
ac_ct_CC=''
bindir='${exec_prefix}/bin'
build='clean'
build_alias='clean'
build_cpu=''
build_os=''
build_vendor=''
datadir='${datarootdir}'
datarootdir='${prefix}/share'
docdir='${datarootdir}/doc/${PACKAGE_TARNAME}'
dvidir='${docdir}'
exec_prefix='NONE'
headersdir=''
host='clean'
host_alias='clean'
host_cpu=''
host_os=''
host_vendor=''
htmldir='${docdir}'
incdir=''
includedir='${prefix}/include'
infodir='${datarootdir}/info'
libdir='${exec_prefix}/lib'
libexecdir='${exec_prefix}/libexec'
loadablesdir=''
localedir='${datarootdir}/locale'
localstatedir='${prefix}/var'
mandir='${datarootdir}/man'
oldincludedir='/usr/include'
pdfdir='${docdir}'
prefix='NONE'
program_transform_name='s,x,x,'
psdir='${docdir}'
runstatedir='${localstatedir}/run'
sbindir='${exec_prefix}/sbin'
sharedstatedir='${prefix}/com'
sysconfdir='${prefix}/etc'
target_alias='clean'

## ----------- ##
## confdefs.h. ##
## ----------- ##

/* confdefs.h */
#define PACKAGE_NAME "bash"
#define PACKAGE_TARNAME "bash"
#define PACKAGE_VERSION "5.2-release"
#define PACKAGE_STRING "bash 5.2-release"
#define PACKAGE_BUGREPORT "bug-bash@gnu.org"
#define PACKAGE_URL ""

configure: exit 1
